This is XeTeX, Version 3.141592653-2.6-0.999996 (TeX Live 2024) (preloaded format=xelatex 2024.11.10)  17 NOV 2024 01:24
entering extended mode
 restricted \write18 enabled.
 file:line:error style messages enabled.
 %&-line parsing enabled.
**/workspaces/forestry-fire/sample
(/workspaces/forestry-fire/sample.tex
LaTeX2e <2024-11-01>
L3 programming layer <2024-11-02>
(./foresj.cls

LaTeX Warning: You have requested document class `foresj',
               but the document class provides `Foresj'.

Document Class: Foresj 2004/07/05 G-Series, Version 0.1
(C) 2004 Techset Composition Pvt. Ltd.


(/usr/local/texlive/2024/texmf-dist/tex/latex/crop/crop.sty
Package: crop 2017/11/19 1.10 crop marks (mf)
 (/usr/local/texlive/2024/texmf-dist/tex/generic/iftex/ifluatex.sty
Package: ifluatex 2019/10/25 v1.5 ifluatex legacy package. Use iftex instead.
 (/usr/local/texlive/2024/texmf-dist/tex/generic/iftex/iftex.sty
Package: iftex 2022/02/03 v1.0f TeX engine tests
))
\CROP@index=\count192
 (/usr/local/texlive/2024/texmf-dist/tex/latex/graphics/color.sty
Package: color 2024/06/23 v1.3e Standard LaTeX Color (DPC)
 (/usr/local/texlive/2024/texmf-dist/tex/latex/graphics-cfg/color.cfg
File: color.cfg 2016/01/02 v1.6 sample color configuration
)
Package color Info: Driver file: xetex.def on input line 149.
 (/usr/local/texlive/2024/texmf-dist/tex/latex/graphics-def/xetex.def
File: xetex.def 2022/09/22 v5.0n Graphics/color driver for xetex
) (/usr/local/texlive/2024/texmf-dist/tex/latex/graphics/mathcolor.ltx)) (/usr/local/texlive/2024/texmf-dist/tex/latex/graphics/graphics.sty
Package: graphics 2024/08/06 v1.4g Standard LaTeX Graphics (DPC,SPQR)
 (/usr/local/texlive/2024/texmf-dist/tex/latex/graphics/trig.sty
Package: trig 2023/12/02 v1.11 sin cos tan (DPC)
) (/usr/local/texlive/2024/texmf-dist/tex/latex/graphics-cfg/graphics.cfg
File: graphics.cfg 2016/06/04 v1.11 sample graphics configuration
)
Package graphics Info: Driver file: xetex.def on input line 106.
)
\CROP@offset=\count193
Package crop Info: Local config file crop.cfg used on input line 622.
 (/usr/local/texlive/2024/texmf-dist/tex/xelatex/xetexconfig/crop.cfg)) (/usr/local/texlive/2024/texmf-dist/tex/latex/graphics/graphicx.sty
Package: graphicx 2021/09/16 v1.2d Enhanced LaTeX Graphics (DPC,SPQR)
 (/usr/local/texlive/2024/texmf-dist/tex/latex/graphics/keyval.sty
Package: keyval 2022/05/29 v1.15 key=value parser (DPC)
\KV@toks@=\toks17
)
\Gin@req@height=\dimen141
\Gin@req@width=\dimen142
) (/usr/local/texlive/2024/texmf-dist/tex/latex/tools/array.sty
Package: array 2024/10/17 v2.6g Tabular extension package (FMi)
\col@sep=\dimen143
\ar@mcellbox=\box52
\extrarowheight=\dimen144
\NC@list=\toks18
\extratabsurround=\skip49
\backup@length=\skip50
\ar@cellbox=\box53
) (/usr/local/texlive/2024/texmf-dist/tex/latex/amscls/amsthm.sty
Package: amsthm 2020/05/29 v2.20.6
\thm@style=\toks19
\thm@bodyfont=\toks20
\thm@headfont=\toks21
\thm@notefont=\toks22
\thm@headpunct=\toks23
\thm@preskip=\skip51
\thm@postskip=\skip52
\thm@headsep=\skip53
\dth@everypar=\toks24
) (/usr/local/texlive/2024/texmf-dist/tex/latex/amsmath/amsmath.sty
Package: amsmath 2024/11/05 v2.17t AMS math features
\@mathmargin=\skip54

For additional information on amsmath, use the `?' option.
(/usr/local/texlive/2024/texmf-dist/tex/latex/amsmath/amstext.sty
Package: amstext 2021/08/26 v2.01 AMS text
 (/usr/local/texlive/2024/texmf-dist/tex/latex/amsmath/amsgen.sty
File: amsgen.sty 1999/11/30 v2.0 generic functions
\@emptytoks=\toks25
\ex@=\dimen145
)) (/usr/local/texlive/2024/texmf-dist/tex/latex/amsmath/amsbsy.sty
Package: amsbsy 1999/11/29 v1.2d Bold Symbols
\pmbraise@=\dimen146
) (/usr/local/texlive/2024/texmf-dist/tex/latex/amsmath/amsopn.sty
Package: amsopn 2022/04/08 v2.04 operator names
)
\inf@bad=\count194
LaTeX Info: Redefining \frac on input line 233.
\uproot@=\count195
\leftroot@=\count196
LaTeX Info: Redefining \overline on input line 398.
LaTeX Info: Redefining \colon on input line 409.
\classnum@=\count197
\DOTSCASE@=\count198
LaTeX Info: Redefining \ldots on input line 495.
LaTeX Info: Redefining \dots on input line 498.
LaTeX Info: Redefining \cdots on input line 619.
\Mathstrutbox@=\box54
\strutbox@=\box55
LaTeX Info: Redefining \big on input line 721.
LaTeX Info: Redefining \Big on input line 722.
LaTeX Info: Redefining \bigg on input line 723.
LaTeX Info: Redefining \Bigg on input line 724.
\big@size=\dimen147
LaTeX Font Info:    Redeclaring font encoding OML on input line 742.
LaTeX Font Info:    Redeclaring font encoding OMS on input line 743.
\macc@depth=\count199
LaTeX Info: Redefining \bmod on input line 904.
LaTeX Info: Redefining \pmod on input line 909.
LaTeX Info: Redefining \smash on input line 939.
LaTeX Info: Redefining \relbar on input line 969.
LaTeX Info: Redefining \Relbar on input line 970.
\c@MaxMatrixCols=\count266
\dotsspace@=\muskip17
\c@parentequation=\count267
\dspbrk@lvl=\count268
\tag@help=\toks26
\row@=\count269
\column@=\count270
\maxfields@=\count271
\andhelp@=\toks27
\eqnshift@=\dimen148
\alignsep@=\dimen149
\tagshift@=\dimen150
\tagwidth@=\dimen151
\totwidth@=\dimen152
\lineht@=\dimen153
\@envbody=\toks28
\multlinegap=\skip55
\multlinetaggap=\skip56
\mathdisplay@stack=\toks29
LaTeX Info: Redefining \[ on input line 2953.
LaTeX Info: Redefining \] on input line 2954.
) (/usr/local/texlive/2024/texmf-dist/tex/latex/amsfonts/amssymb.sty
Package: amssymb 2013/01/14 v3.01 AMS font symbols
 (/usr/local/texlive/2024/texmf-dist/tex/latex/amsfonts/amsfonts.sty
Package: amsfonts 2013/01/14 v3.01 Basic AMSFonts support
\symAMSa=\mathgroup4
\symAMSb=\mathgroup5
LaTeX Font Info:    Redeclaring math symbol \hbar on input line 98.
LaTeX Font Info:    Overwriting math alphabet `\mathfrak' in version `bold'
(Font)                  U/euf/m/n --> U/euf/b/n on input line 106.
)) (/usr/local/texlive/2024/texmf-dist/tex/latex/amscls/upref.sty
Package: upref 2007/03/14 v2.04
) (/usr/local/texlive/2024/texmf-dist/tex/latex/endnotes/endnotes.sty
Invalid UTF-8 byte or sequence at line 118 replaced by U+FFFD.
Invalid UTF-8 byte or sequence at line 118 replaced by U+FFFD.
Invalid UTF-8 byte or sequence at line 121 replaced by U+FFFD.
Invalid UTF-8 byte or sequence at line 121 replaced by U+FFFD.
Package: endnotes 2020-01-02 endnotes package
\c@endnote=\count272
\endnotesep=\dimen154
\@enotes=\write3
) (/usr/local/texlive/2024/texmf-dist/tex/latex/graphics/rotating.sty
Package: rotating 2016/08/11 v2.16d rotated objects in LaTeX
 (/usr/local/texlive/2024/texmf-dist/tex/latex/base/ifthen.sty
Package: ifthen 2024/03/16 v1.1e Standard LaTeX ifthen package (DPC)
)
\c@r@tfl@t=\count273
\rotFPtop=\skip57
\rotFPbot=\skip58
\rot@float@box=\box56
\rot@mess@toks=\toks30
) (/usr/local/texlive/2024/texmf-dist/tex/latex/was/upgreek.sty
Package: upgreek 2003/02/12 v2.0 (WaS)
Package upgreek Info: Using Euler Roman for upright Greek on input line 31.
\symugrf@m=\mathgroup6
LaTeX Font Info:    Overwriting symbol font `ugrf@m' in version `bold'
(Font)                  U/eur/m/n --> U/eur/b/n on input line 38.
) (/usr/local/texlive/2024/texmf-dist/tex/latex/boxedminipage/boxedminipage.sty
Package: boxedminipage 2020/04/19 v1.1 Boxed LaTeX2e minipages
\bmp@box=\box57
\bmp@width=\skip59
\bmp@height=\skip60
) (/usr/local/texlive/2024/texmf-dist/tex/latex/sttools/stfloats.sty
Package: stfloats 2017/03/27 v3.3 Improve float mechanism and baselineskip settings
\@dblbotnum=\count274
\c@dblbotnumber=\count275
) (/usr/local/texlive/2024/texmf-dist/tex/latex/setspace/setspace.sty
Package: setspace 2022/12/04 v6.7b set line spacing
) (/usr/local/texlive/2024/texmf-dist/tex/latex/tools/multicol.sty
Package: multicol 2024/09/14 v1.9i multicolumn formatting (FMi)
\c@tracingmulticols=\count276
\mult@box=\box58
\multicol@leftmargin=\dimen155
\c@unbalance=\count277
\c@collectmore=\count278
\doublecol@number=\count279
\multicoltolerance=\count280
\multicolpretolerance=\count281
\full@width=\dimen156
\page@free=\dimen157
\premulticols=\dimen158
\postmulticols=\dimen159
\multicolsep=\skip61
\multicolbaselineskip=\skip62
\partial@page=\box59
\last@line=\box60
\mc@boxedresult=\box61
\maxbalancingoverflow=\dimen160
\mult@rightbox=\box62
\mult@grightbox=\box63
\mult@firstbox=\box64
\mult@gfirstbox=\box65
\@tempa=\box66
\@tempa=\box67
\@tempa=\box68
\@tempa=\box69
\@tempa=\box70
\@tempa=\box71
\@tempa=\box72
\@tempa=\box73
\@tempa=\box74
\@tempa=\box75
\@tempa=\box76
\@tempa=\box77
\@tempa=\box78
\@tempa=\box79
\@tempa=\box80
\@tempa=\box81
\@tempa=\box82
\@tempa=\box83
\@tempa=\box84
\@tempa=\box85
\@tempa=\box86
\@tempa=\box87
\@tempa=\box88
\@tempa=\box89
\@tempa=\box90
\@tempa=\box91
\@tempa=\box92
\@tempa=\box93
\@tempa=\box94
\@tempa=\box95
\@tempa=\box96
\@tempa=\box97
\@tempa=\box98
\@tempa=\box99
\@tempa=\box100
\@tempa=\box101
\c@minrows=\count282
\c@columnbadness=\count283
\c@finalcolumnbadness=\count284
\last@try=\dimen161
\multicolovershoot=\dimen162
\multicolundershoot=\dimen163
\mult@nat@firstbox=\box102
\colbreak@box=\box103
\mc@col@check@num=\count285
) (/usr/local/texlive/2024/texmf-dist/tex/latex/tools/dcolumn.sty
Package: dcolumn 2023/07/08 v1.06 decimal alignment package (DPC)
)
\c@part=\count286
\c@section=\count287
\c@rsection=\count288
\c@subsection=\count289
\c@rsubsection=\count290
\c@subsubsection=\count291
\c@paragraph=\count292
\c@subparagraph=\count293
\c@refsection=\count294
\c@acksection=\count295
\c@figure=\count296
\c@scheme=\count297
\c@table=\count298
\@abstractbox=\box104
\rotdimen=\dimen164
\abovecaptionskip=\skip63
\belowcaptionskip=\skip64
\figurecaptionbox=\box105
\schemecaptionbox=\box106
\tablecaptionbox=\box107
\tempdime=\dimen165
\temptbox=\box108
\abovefigskip=\skip65
\belowfigskip=\skip66
\cmskipamount=\skip67
\c@savesecnumdepth=\count299
 (/usr/local/texlive/2024/texmf-dist/tex/latex/natbib/natbib.sty
Package: natbib 2010/09/13 8.31b (PWD, AO)
\bibhang=\skip68
\bibsep=\skip69
LaTeX Info: Redefining \cite on input line 694.
\c@NAT@ctr=\count300
)
\normskip=\skip70
\p@renwd=\dimen166
\bmskip=\dimen167
\c@mythm=\count301
 (/usr/local/texlive/2024/texmf-dist/tex/latex/url/url.sty
\Urlmuskip=\muskip18
Package: url 2013/09/16  ver 3.4  Verb mode for urls, etc.
) (/usr/local/texlive/2024/texmf-dist/tex/latex/lineno/lineno.sty
Package: lineno 2023/05/20 line numbers on paragraphs v5.3
 (/usr/local/texlive/2024/texmf-dist/tex/latex/etoolbox/etoolbox.sty
Package: etoolbox 2020/10/05 v2.5k e-TeX tools for LaTeX (JAW)
\etb@tempcnta=\count302
)
Invalid UTF-8 byte or sequence at line 292 replaced by U+FFFD.
 (/usr/local/texlive/2024/texmf-dist/tex/latex/kvoptions/kvoptions.sty
Package: kvoptions 2022-06-15 v3.15 Key value format for package options (HO)
 (/usr/local/texlive/2024/texmf-dist/tex/generic/ltxcmds/ltxcmds.sty
Package: ltxcmds 2023-12-04 v1.26 LaTeX kernel commands for general use (HO)
) (/usr/local/texlive/2024/texmf-dist/tex/latex/kvsetkeys/kvsetkeys.sty
Package: kvsetkeys 2022-10-05 v1.19 Key value parser (HO)
))
\linenopenalty=\count303
\output=\toks31
\linenoprevgraf=\count304
\linenumbersep=\dimen168
\linenumberwidth=\dimen169
\c@linenumber=\count305
\c@pagewiselinenumber=\count306
\c@LN@truepage=\count307
\c@internallinenumber=\count308
\c@internallinenumbers=\count309
\quotelinenumbersep=\dimen170
\bframerule=\dimen171
\bframesep=\dimen172
\bframebox=\box109
\linenoamsmath@ams@eqpen=\count310
LaTeX Info: Redefining \\ on input line 3180.
)) (/usr/local/texlive/2024/texmf-dist/tex/latex/fontspec/fontspec.sty (/usr/local/texlive/2024/texmf-dist/tex/latex/l3packages/xparse/xparse.sty (/usr/local/texlive/2024/texmf-dist/tex/latex/l3kernel/expl3.sty
Package: expl3 2024-11-02 L3 programming layer (loader) 
 (/usr/local/texlive/2024/texmf-dist/tex/latex/l3backend/l3backend-xetex.def
File: l3backend-xetex.def 2024-05-08 L3 backend support: XeTeX
\g__graphics_track_int=\count311
\l__pdf_internal_box=\box110
\g__pdf_backend_annotation_int=\count312
\g__pdf_backend_link_int=\count313
))
Package: xparse 2024-08-16 L3 Experimental document command parser
)
Package: fontspec 2024/05/11 v2.9e Font selection for XeLaTeX and LuaLaTeX
 (/usr/local/texlive/2024/texmf-dist/tex/latex/fontspec/fontspec-xetex.sty
Package: fontspec-xetex 2024/05/11 v2.9e Font selection for XeLaTeX and LuaLaTeX
\l__fontspec_script_int=\count314
\l__fontspec_language_int=\count315
\l__fontspec_strnum_int=\count316
\l__fontspec_tmp_int=\count317
\l__fontspec_tmpa_int=\count318
\l__fontspec_tmpb_int=\count319
\l__fontspec_tmpc_int=\count320
\l__fontspec_em_int=\count321
\l__fontspec_emdef_int=\count322
\l__fontspec_strong_int=\count323
\l__fontspec_strongdef_int=\count324
\l__fontspec_tmpa_dim=\dimen173
\l__fontspec_tmpb_dim=\dimen174
\l__fontspec_tmpc_dim=\dimen175
 (/usr/local/texlive/2024/texmf-dist/tex/latex/base/fontenc.sty
Package: fontenc 2021/04/29 v2.0v Standard LaTeX package
) (/usr/local/texlive/2024/texmf-dist/tex/latex/fontspec/fontspec.cfg))) (/usr/local/texlive/2024/texmf-dist/tex/xelatex/xecjk/xeCJK.sty
Package: xeCJK 2022/08/05 v3.9.1 Typesetting CJK scripts with XeLaTeX
 (/usr/local/texlive/2024/texmf-dist/tex/latex/ctex/ctexhook.sty
Package: ctexhook 2022/07/14 v2.5.10 Document and package hooks (CTEX)
) (/usr/local/texlive/2024/texmf-dist/tex/latex/l3packages/xtemplate/xtemplate.sty
Package: xtemplate 2024-08-16 L3 Experimental prototype document functions
)
\l__xeCJK_tmp_int=\count325
\l__xeCJK_tmp_box=\box111
\l__xeCJK_tmp_dim=\dimen176
\l__xeCJK_tmp_skip=\skip71
\g__xeCJK_space_factor_int=\count326
\l__xeCJK_begin_int=\count327
\l__xeCJK_end_int=\count328
\c__xeCJK_CJK_class_int=\XeTeXcharclass1
\c__xeCJK_FullLeft_class_int=\XeTeXcharclass2
\c__xeCJK_FullRight_class_int=\XeTeXcharclass3
\c__xeCJK_HalfLeft_class_int=\XeTeXcharclass4
\c__xeCJK_HalfRight_class_int=\XeTeXcharclass5
\c__xeCJK_NormalSpace_class_int=\XeTeXcharclass6
\c__xeCJK_CM_class_int=\XeTeXcharclass7
\c__xeCJK_HangulJamo_class_int=\XeTeXcharclass8
\l__xeCJK_last_skip=\skip72
\c__xeCJK_none_node=\count329
\g__xeCJK_node_int=\count330
\c__xeCJK_CJK_node_dim=\dimen177
\c__xeCJK_CJK-space_node_dim=\dimen178
\c__xeCJK_default_node_dim=\dimen179
\c__xeCJK_CJK-widow_node_dim=\dimen180
\c__xeCJK_normalspace_node_dim=\dimen181
\c__xeCJK_default-space_node_skip=\skip73
\l__xeCJK_ccglue_skip=\skip74
\l__xeCJK_ecglue_skip=\skip75
\l__xeCJK_punct_kern_skip=\skip76
\l__xeCJK_indent_box=\box112
\l__xeCJK_last_penalty_int=\count331
\l__xeCJK_last_bound_dim=\dimen182
\l__xeCJK_last_kern_dim=\dimen183
\l__xeCJK_widow_penalty_int=\count332

LaTeX template Info: Declaring template type 'xeCJK/punctuation' taking 0
(template)           argument(s) on line 2396.

\l__xeCJK_fixed_punct_width_dim=\dimen184
\l__xeCJK_mixed_punct_width_dim=\dimen185
\l__xeCJK_middle_punct_width_dim=\dimen186
\l__xeCJK_fixed_margin_width_dim=\dimen187
\l__xeCJK_mixed_margin_width_dim=\dimen188
\l__xeCJK_middle_margin_width_dim=\dimen189
\l__xeCJK_bound_punct_width_dim=\dimen190
\l__xeCJK_bound_margin_width_dim=\dimen191
\l__xeCJK_margin_minimum_dim=\dimen192
\l__xeCJK_kerning_total_width_dim=\dimen193
\l__xeCJK_same_align_margin_dim=\dimen194
\l__xeCJK_different_align_margin_dim=\dimen195
\l__xeCJK_kerning_margin_width_dim=\dimen196
\l__xeCJK_kerning_margin_minimum_dim=\dimen197
\l__xeCJK_bound_dim=\dimen198
\l__xeCJK_reverse_bound_dim=\dimen199
\l__xeCJK_margin_dim=\dimen256
\l__xeCJK_minimum_bound_dim=\dimen257
\l__xeCJK_kerning_margin_dim=\dimen258
\g__xeCJK_family_int=\count333
\l__xeCJK_fam_int=\count334
\g__xeCJK_fam_allocation_int=\count335
\l__xeCJK_verb_case_int=\count336
\l__xeCJK_verb_exspace_skip=\skip77
 (/usr/local/texlive/2024/texmf-dist/tex/xelatex/xecjk/xeCJK.cfg
File: xeCJK.cfg 2022/08/05 v3.9.1 Configuration file for xeCJK package
))

Package fontspec Info: 
(fontspec)             Script 'CJK' not explicitly supported within font
(fontspec)             'WenQuanYi Micro Hei'. Check the typeset output, and if
(fontspec)             it is okay then ignore this warning. Otherwise a
(fontspec)             different font should be chosen.


Package fontspec Info: 
(fontspec)             Could not resolve font "WenQuanYi Micro Hei/BI" (it
(fontspec)             probably doesn't exist).


Package fontspec Info: 
(fontspec)             Could not resolve font "WenQuanYi Micro Hei/B" (it
(fontspec)             probably doesn't exist).


Package fontspec Info: 
(fontspec)             Could not resolve font "WenQuanYi Micro Hei/I" (it
(fontspec)             probably doesn't exist).


Package fontspec Info: 
(fontspec)             Font family 'WenQuanYiMicroHei(0)' created for font
(fontspec)             'WenQuanYi Micro Hei' with options [Script={CJK}].
(fontspec)              
(fontspec)              This font family consists of the following NFSS
(fontspec)             series/shapes:
(fontspec)              
(fontspec)             - 'normal' (m/n) with NFSS spec.: <->"WenQuanYi Micro
(fontspec)             Hei/OT:script=hani;language=dflt;"

 (./sample.aux)
\openout1 = `sample.aux'.

LaTeX Font Info:    Checking defaults for OML/cmm/m/it on input line 12.
LaTeX Font Info:    ... okay on input line 12.
LaTeX Font Info:    Checking defaults for OMS/cmsy/m/n on input line 12.
LaTeX Font Info:    ... okay on input line 12.
LaTeX Font Info:    Checking defaults for OT1/cmr/m/n on input line 12.
LaTeX Font Info:    ... okay on input line 12.
LaTeX Font Info:    Checking defaults for T1/cmr/m/n on input line 12.
LaTeX Font Info:    ... okay on input line 12.
LaTeX Font Info:    Checking defaults for TS1/cmr/m/n on input line 12.
LaTeX Font Info:    ... okay on input line 12.
LaTeX Font Info:    Checking defaults for TU/lmr/m/n on input line 12.
LaTeX Font Info:    ... okay on input line 12.
LaTeX Font Info:    Checking defaults for OMX/cmex/m/n on input line 12.
LaTeX Font Info:    ... okay on input line 12.
LaTeX Font Info:    Checking defaults for U/cmr/m/n on input line 12.
LaTeX Font Info:    ... okay on input line 12.
Package crop Info: using `pdftex' graphics driver on input line 12.

Package fontspec Info: 
(fontspec)             Adjusting the maths setup (use [no-math] to avoid
(fontspec)             this).

\symlegacymaths=\mathgroup7
LaTeX Font Info:    Overwriting symbol font `legacymaths' in version `bold'
(Font)                  OT1/cmr/m/n --> OT1/cmr/bx/n on input line 12.
LaTeX Font Info:    Redeclaring math accent \acute on input line 12.
LaTeX Font Info:    Redeclaring math accent \grave on input line 12.
LaTeX Font Info:    Redeclaring math accent \ddot on input line 12.
LaTeX Font Info:    Redeclaring math accent \tilde on input line 12.
LaTeX Font Info:    Redeclaring math accent \bar on input line 12.
LaTeX Font Info:    Redeclaring math accent \breve on input line 12.
LaTeX Font Info:    Redeclaring math accent \check on input line 12.
LaTeX Font Info:    Redeclaring math accent \hat on input line 12.
LaTeX Font Info:    Redeclaring math accent \dot on input line 12.
LaTeX Font Info:    Redeclaring math accent \mathring on input line 12.
LaTeX Font Info:    Redeclaring math symbol \Gamma on input line 12.
LaTeX Font Info:    Redeclaring math symbol \Delta on input line 12.
LaTeX Font Info:    Redeclaring math symbol \Theta on input line 12.
LaTeX Font Info:    Redeclaring math symbol \Lambda on input line 12.
LaTeX Font Info:    Redeclaring math symbol \Xi on input line 12.
LaTeX Font Info:    Redeclaring math symbol \Pi on input line 12.
LaTeX Font Info:    Redeclaring math symbol \Sigma on input line 12.
LaTeX Font Info:    Redeclaring math symbol \Upsilon on input line 12.
LaTeX Font Info:    Redeclaring math symbol \Phi on input line 12.
LaTeX Font Info:    Redeclaring math symbol \Psi on input line 12.
LaTeX Font Info:    Redeclaring math symbol \Omega on input line 12.
LaTeX Font Info:    Redeclaring math symbol \mathdollar on input line 12.
LaTeX Font Info:    Redeclaring symbol font `operators' on input line 12.
LaTeX Font Info:    Encoding `OT1' has changed to `TU' for symbol font
(Font)              `operators' in the math version `normal' on input line 12.
LaTeX Font Info:    Overwriting symbol font `operators' in version `normal'
(Font)                  OT1/cmr/m/n --> TU/lmr/m/n on input line 12.
LaTeX Font Info:    Encoding `OT1' has changed to `TU' for symbol font
(Font)              `operators' in the math version `bold' on input line 12.
LaTeX Font Info:    Overwriting symbol font `operators' in version `bold'
(Font)                  OT1/cmr/bx/n --> TU/lmr/m/n on input line 12.
LaTeX Font Info:    Overwriting symbol font `operators' in version `normal'
(Font)                  TU/lmr/m/n --> TU/lmr/m/n on input line 12.
LaTeX Font Info:    Overwriting math alphabet `\mathit' in version `normal'
(Font)                  OT1/cmr/m/it --> TU/lmr/m/it on input line 12.
LaTeX Font Info:    Overwriting math alphabet `\mathbf' in version `normal'
(Font)                  OT1/cmr/bx/n --> TU/lmr/b/n on input line 12.
LaTeX Font Info:    Overwriting math alphabet `\mathsf' in version `normal'
(Font)                  OT1/cmss/m/n --> TU/lmss/m/n on input line 12.
LaTeX Font Info:    Overwriting math alphabet `\mathtt' in version `normal'
(Font)                  OT1/cmtt/m/n --> TU/lmtt/m/n on input line 12.
LaTeX Font Info:    Overwriting symbol font `operators' in version `bold'
(Font)                  TU/lmr/m/n --> TU/lmr/b/n on input line 12.
LaTeX Font Info:    Overwriting math alphabet `\mathit' in version `bold'
(Font)                  OT1/cmr/bx/it --> TU/lmr/b/it on input line 12.
LaTeX Font Info:    Overwriting math alphabet `\mathsf' in version `bold'
(Font)                  OT1/cmss/bx/n --> TU/lmss/b/n on input line 12.
LaTeX Font Info:    Overwriting math alphabet `\mathtt' in version `bold'
(Font)                  OT1/cmtt/m/n --> TU/lmtt/b/n on input line 12.
LaTeX Font Info:    Trying to load font information for U+msa on input line 27.
 (/usr/local/texlive/2024/texmf-dist/tex/latex/amsfonts/umsa.fd
File: umsa.fd 2013/01/14 v3.01 AMS symbols A
)
LaTeX Font Info:    Trying to load font information for U+msb on input line 27.
 (/usr/local/texlive/2024/texmf-dist/tex/latex/amsfonts/umsb.fd
File: umsb.fd 2013/01/14 v3.01 AMS symbols B
)
Overfull \hbox (0.21559pt too wide) in paragraph at lines 52--83
\TU/lmr/m/n/9 the same time, the influence of soil physical properties on the abil-
 []


Underfull \vbox (badness 10000) has occurred while \output is active []




Underfull \vbox (badness 10000) has occurred while \output is active []




Package xeCJK Warning: Unknown CJK family `\CJKsfdefault' is being ignored.
(xeCJK)                
(xeCJK)                Try to use `\setCJKsansfont[<...>]{<...>}' to define
(xeCJK)                it.


Overfull \hbox (270.61063pt too wide) has occurred while \output is active
[] 
 []


Underfull \vbox (badness 10000) has occurred while \output is active []


Overfull \vbox (74.0pt too high) has occurred while \output is active []

 [1


]

Package natbib Warning: Multiple citation on page 2: same authors and year
(natbib)                without distinguishing extra letter,
(natbib)                appears as question mark.




Overfull \hbox (290.21811pt too wide) detected at line 169
 [] 
 []


Underfull \hbox (badness 3735) in paragraph at lines 175--197
[] \OT1/cmr/m/n/9 + [])$\TU/lmr/m/n/9 . Whole plots were arranged in
 []


Underfull \hbox (badness 1831) in paragraph at lines 175--197
\TU/lmr/m/n/9 four blocks, and a factorial combination of weed control
 []


Underfull \hbox (badness 7291) in paragraph at lines 175--197
\TU/lmr/m/n/9 ($[]\OT1/cmr/m/n/9 0 = []$ \TU/lmr/m/n/9 preparation treatment, $[]\OT1/cmr/m/n/9 1 = []$ \TU/lmr/m/n/9 preparation
 []


Underfull \hbox (badness 7504) in paragraph at lines 175--197
[] \TU/lmr/m/n/9 banded) and fertilization ($[]\OT1/cmr/m/n/9 0 = []$
 []


Underfull \hbox (badness 1436) in paragraph at lines 175--197
\TU/lmr/m/n/9 at establishment, $[]\OT1/cmr/m/n/9 1 = []$\TU/lmr/m/n/9 , phosphorus and boron at
 []


Underfull \hbox (badness 1701) in paragraph at lines 175--197
[] \OT1/cmr/m/n/9 + []$\TU/lmr/m/n/9 , phosphorus, potassium and boron
 []


Underfull \hbox (badness 3209) in paragraph at lines 198--245
[]\TU/lmr/m/n/9 Tillage treatments were applied February–March 2000.
 []


Underfull \vbox (badness 10000) has occurred while \output is active []




Overfull \hbox (270.61063pt too wide) has occurred while \output is active
[] 
 []


Underfull \hbox (badness 10000) has occurred while \output is active
[]
 []


Overfull \vbox (12.97pt too high) has occurred while \output is active []


Overfull \hbox (270.61063pt too wide) has occurred while \output is active
[][] 
 []


Underfull \hbox (badness 10000) has occurred while \output is active
[][]
 []

[2]
Overfull \hbox (290.21811pt too wide) detected at line 315
 [] 
 []






Overfull \vbox (13.195pt too high) has occurred while \output is active []


Overfull \hbox (270.61063pt too wide) has occurred while \output is active
[][] 
 []


Underfull \hbox (badness 10000) has occurred while \output is active
[] []
 []

[3]




Overfull \hbox (270.61063pt too wide) has occurred while \output is active
[] 
 []


Underfull \hbox (badness 10000) has occurred while \output is active
[]
 []


Overfull \vbox (12.97pt too high) has occurred while \output is active []


Overfull \hbox (270.61063pt too wide) has occurred while \output is active
[][] 
 []


Underfull \hbox (badness 10000) has occurred while \output is active
[][]
 []

[4]
Underfull \hbox (badness 1609) in paragraph at lines 443--450
\TU/lmr/m/n/9 We investigated relationships among LAI and incremental
 []




Underfull \hbox (badness 1377) in paragraph at lines 530--531
[]$\OT1/cmr/m/n/9 (\OML/cmm/m/it/9 ^^L^^N\OT1/cmr/m/n/9 )[]$ \TU/lmr/m/n/9 is the jlth fertilization $\OMS/cmsy/m/n/9 ^^B$ \TU/lmr/m/n/9 weed control interac-
 []


Underfull \hbox (badness 1077) in paragraph at lines 543--550
\TU/lmr/m/n/9 sion 9.1 modules PROC GLM, and PROC MIXED using
 []


Underfull \hbox (badness 1635) in paragraph at lines 543--550
\TU/lmr/m/n/9 the Satterthwaite degrees of freedom option.SAS Institute
 []


LaTeX Warning: No positions in optional float specifier.
               Default added (so using `tbp') on input line 551.


Overfull \hbox (406.99686pt too wide) detected at line 634
 [] 
 []


LaTeX Warning: No positions in optional float specifier.
               Default added (so using `tbp') on input line 637.


Overfull \hbox (18.12126pt too wide) in alignment at lines 671--671
[] [] [] [] [] [] [] [] [] [] [] 
 []


Overfull \hbox (18.12126pt too wide) in alignment at lines 671--671
[] [] [] [] [] [] [] [] [] [] [] 
 []


Overfull \hbox (290.21811pt too wide) detected at line 671
 [] 
 []




Overfull \vbox (13.195pt too high) has occurred while \output is active []


Overfull \hbox (270.61063pt too wide) has occurred while \output is active
[][] 
 []


Underfull \hbox (badness 10000) has occurred while \output is active
[] []
 []

[5]


Underfull \hbox (badness 10000) detected at line 735
[]
 []


LaTeX Warning: No positions in optional float specifier.
               Default added (so using `tbp') on input line 791.


Underfull \hbox (badness 10000) detected at line 792
[]
 []




Overfull \hbox (270.61063pt too wide) has occurred while \output is active
[] 
 []


Underfull \hbox (badness 10000) has occurred while \output is active
[]
 []


Overfull \vbox (12.97pt too high) has occurred while \output is active []


Overfull \hbox (270.61063pt too wide) has occurred while \output is active
[][] 
 []


Underfull \hbox (badness 10000) has occurred while \output is active
[][]
 []

[6]
Underfull \vbox (badness 10000) has occurred while \output is active []






Overfull \vbox (13.195pt too high) has occurred while \output is active []


Overfull \hbox (270.61063pt too wide) has occurred while \output is active
[][] 
 []


Underfull \hbox (badness 10000) has occurred while \output is active
[] []
 []

[7]

LaTeX Warning: No positions in optional float specifier.
               Default added (so using `tbp') on input line 866.


Underfull \hbox (badness 3148) in paragraph at lines 904--904
\TU/lmr/m/n/8 (a) Full model: $[]\OT1/cmr/m/n/8 (\OML/cmm/m/it/8 Y[]\OT1/cmr/m/n/8 ) = \OML/cmm/m/it/8 a \OT1/cmr/m/n/8 + \OML/cmm/m/it/8 b \OMS/cmsy/m/n/8 ^^B \OML/cmm/m/it/8 Z[] \OT1/cmr/m/n/8 + \OML/cmm/m/it/8 c \OMS/cmsy/m/n/8 ^^B []\OT1/cmr/m/n/8 (\OML/cmm/m/it/8 X[]\OT1/cmr/m/n/8 ) + \OML/cmm/m/it/8 d \OMS/cmsy/m/n/8 ^^B \OML/cmm/m/it/8 Z[] \OMS/cmsy/m/n/8 ^^B
 []


Underfull \vbox (badness 10000) has occurred while \output is active []




Underfull \hbox (badness 1755) in paragraph at lines 946--963
[]\TU/lmr/m/n/9 Taking into account differences in biomass components
 []


Underfull \hbox (badness 2334) in paragraph at lines 979--996
\TU/lmr/m/n/9 LAI, an index of photosynthetic area intercepting radia-
 []


Underfull \vbox (badness 10000) has occurred while \output is active []




Overfull \hbox (270.61063pt too wide) has occurred while \output is active
[] 
 []


Underfull \hbox (badness 10000) has occurred while \output is active
[]
 []


Overfull \vbox (12.97pt too high) has occurred while \output is active []


Overfull \hbox (270.61063pt too wide) has occurred while \output is active
[][] 
 []


Underfull \hbox (badness 10000) has occurred while \output is active
[][]
 []

[8]
Underfull \vbox (badness 10000) has occurred while \output is active []






Overfull \vbox (13.195pt too high) has occurred while \output is active []


Overfull \hbox (270.61063pt too wide) has occurred while \output is active
[][] 
 []


Underfull \hbox (badness 10000) has occurred while \output is active
[] []
 []

[9]


Underfull \vbox (badness 10000) has occurred while \output is active []




Overfull \hbox (270.61063pt too wide) has occurred while \output is active
[] 
 []


Underfull \hbox (badness 10000) has occurred while \output is active
[]
 []


Overfull \vbox (12.97pt too high) has occurred while \output is active []


Overfull \hbox (270.61063pt too wide) has occurred while \output is active
[][] 
 []


Underfull \hbox (badness 10000) has occurred while \output is active
[][]
 []

[10]
Underfull \hbox (badness 1184) in paragraph at lines 1350--1354
\TU/lmr/m/n/8 water-uptake and growth of radiata pine\TU/lmr/m/it/8 . Tree Physiol\TU/lmr/m/n/8 . \TU/lmr/bx/n/8 10\TU/lmr/m/n/8 ,
 []


Underfull \vbox (badness 10000) has occurred while \output is active []




Underfull \vbox (badness 10000) has occurred while \output is active []




Overfull \vbox (13.195pt too high) has occurred while \output is active []


Overfull \hbox (270.61063pt too wide) has occurred while \output is active
[][] 
 []


Underfull \hbox (badness 10000) has occurred while \output is active
[] []
 []

[11]

Setting LastPage


Overfull \hbox (270.61063pt too wide) has occurred while \output is active
[] 
 []


Underfull \hbox (badness 10000) has occurred while \output is active
[]
 []


Overfull \vbox (12.97pt too high) has occurred while \output is active []


Overfull \hbox (270.61063pt too wide) has occurred while \output is active
[][] 
 []


Underfull \hbox (badness 10000) has occurred while \output is active
[][]
 []

[12] (./sample.aux)
 ***********
LaTeX2e <2024-11-01>
L3 programming layer <2022/08/05>
 ***********
 ) 
Here is how much of TeX's memory you used:
 9230 strings out of 473995
 208924 string characters out of 5734089
 704746 words of memory out of 5000000
 31970 multiletter control sequences out of 15000+600000
 570484 words of font info for 110 fonts, out of 8000000 for 9000
 1358 hyphenation exceptions out of 8191
 79i,15n,93p,545b,469s stack positions out of 10000i,1000n,20000p,200000b,200000s

Output written on sample.pdf (12 pages).
